<?xml version="1.0" encoding="UTF-8"?>
<!-- Generated by org.testng.reporters.JUnitXMLReporter -->
<testsuite ignored="2" hostname="DESKTOP-KH05F5J" failures="1" tests="2" name="Test" time="19.072" errors="0" timestamp="2024-12-24T12:14:21 IST">
  <testcase classname="com.obs.tests.LoginTest" name="verifyLogin" time="5.261"/>
  <testcase classname="com.obs.tests.VerifyUserLogin" name="verifyLogin" time="0.007">
    <failure type="java.lang.Error" message="Unresolved compilation problems: 
	The method launchApp(String) is undefined for the type AdminHomePage
	The method login(String, String) is undefined for the type AdminHomePage
	The method gotouserLogin() is undefined for the type AdminHomePage
">
      <![CDATA[java.lang.Error: Unresolved compilation problems: 
The method launchApp(String) is undefined for the type AdminHomePage
The method login(String, String) is undefined for the type AdminHomePage
The method gotouserLogin() is undefined for the type AdminHomePage

at com.obs.tests.VerifyUserLogin.verifyLogin(VerifyUserLogin.java:39)
at java.base/java.util.ArrayList.forEach(ArrayList.java:1597)
at java.base/java.util.concurrent.FutureTask.run(FutureTask.java:317)
at java.base/java.util.concurrent.ThreadPoolExecutor.runWorker(ThreadPoolExecutor.java:1144)
at java.base/java.util.concurrent.ThreadPoolExecutor$Worker.run(ThreadPoolExecutor.java:642)
at java.base/java.lang.Thread.run(Thread.java:1570)
... Removed 15 stack frames]]>
    </failure>
  </testcase> <!-- verifyLogin -->
  <testcase classname="com.obs.base.BaseTest" name="@BeforeSuite initializeReport" time="0.0">
    <ignored/>
  </testcase> <!-- @BeforeSuite initializeReport -->
  <testcase classname="com.obs.base.BaseTest" name="@AfterSuite cleanup" time="0.0">
    <ignored/>
  </testcase> <!-- @AfterSuite cleanup -->
</testsuite> <!-- Test -->
