<?xml version="1.0" encoding="UTF-8"?>
<testng-results ignored="0" total="2" passed="1" failed="1" skipped="0">
  <reporter-output>
  </reporter-output>
  <suite started-at="2024-12-24T12:14:02 IST" name="Suite" finished-at="2024-12-24T12:14:21 IST" duration-ms="19072">
    <groups>
    </groups>
    <test started-at="2024-12-24T12:14:02 IST" name="Test" finished-at="2024-12-24T12:14:21 IST" duration-ms="19072">
      <class name="com.obs.tests.LoginTest">
        <test-method is-config="true" signature="initializeReport()[pri:0, instance:com.obs.tests.LoginTest@89c10b7]" started-at="2024-12-24T12:14:00 IST" name="initializeReport" finished-at="2024-12-24T12:14:01 IST" duration-ms="1006" status="PASS">
          <reporter-output>
          </reporter-output>
        </test-method> <!-- initializeReport -->
        <test-method is-config="true" signature="launch(java.lang.String)[pri:0, instance:com.obs.tests.LoginTest@89c10b7]" started-at="2024-12-24T12:14:02 IST" name="launch" finished-at="2024-12-24T12:14:10 IST" duration-ms="8504" status="PASS">
          <params>
            <param index="0">
              <value>
                <![CDATA[Chrome]]>
              </value>
            </param>
          </params>
          <reporter-output>
          </reporter-output>
        </test-method> <!-- launch -->
        <test-method signature="verifyLogin()[pri:0, instance:com.obs.tests.LoginTest@89c10b7]" started-at="2024-12-24T12:14:10 IST" name="verifyLogin" finished-at="2024-12-24T12:14:15 IST" duration-ms="5261" status="PASS">
          <reporter-output>
          </reporter-output>
        </test-method> <!-- verifyLogin -->
        <test-method is-config="true" signature="afterTest(org.testng.ITestResult)[pri:0, instance:com.obs.tests.LoginTest@89c10b7]" started-at="2024-12-24T12:14:15 IST" name="afterTest" finished-at="2024-12-24T12:14:17 IST" duration-ms="1100" status="PASS">
          <params>
            <param index="0">
              <value>
                <![CDATA[[TestResult name=verifyLogin status=SUCCESS method=LoginTest.verifyLogin()[pri:0, instance:com.obs.tests.LoginTest@89c10b7] output={null}]]]>
              </value>
            </param>
          </params>
          <reporter-output>
          </reporter-output>
        </test-method> <!-- afterTest -->
        <test-method is-config="true" signature="cleanup()[pri:0, instance:com.obs.tests.LoginTest@89c10b7]" started-at="2024-12-24T12:14:21 IST" name="cleanup" finished-at="2024-12-24T12:14:22 IST" duration-ms="1755" status="PASS">
          <reporter-output>
          </reporter-output>
        </test-method> <!-- cleanup -->
      </class> <!-- com.obs.tests.LoginTest -->
      <class name="com.obs.tests.VerifyUserLogin">
        <test-method is-config="true" signature="launch(java.lang.String)[pri:0, instance:com.obs.tests.VerifyUserLogin@3d08f3f5]" started-at="2024-12-24T12:14:17 IST" name="launch" finished-at="2024-12-24T12:14:20 IST" duration-ms="2999" status="PASS">
          <params>
            <param index="0">
              <value>
                <![CDATA[Chrome]]>
              </value>
            </param>
          </params>
          <reporter-output>
          </reporter-output>
        </test-method> <!-- launch -->
        <test-method signature="verifyLogin()[pri:0, instance:com.obs.tests.VerifyUserLogin@3d08f3f5]" started-at="2024-12-24T12:14:20 IST" name="verifyLogin" finished-at="2024-12-24T12:14:20 IST" duration-ms="7" status="FAIL">
          <exception class="java.lang.Error">
            <message>
              <![CDATA[Unresolved compilation problems: 
The method launchApp(String) is undefined for the type AdminHomePage
The method login(String, String) is undefined for the type AdminHomePage
The method gotouserLogin() is undefined for the type AdminHomePage
]]>
            </message>
            <full-stacktrace>
              <![CDATA[java.lang.Error: Unresolved compilation problems: 
The method launchApp(String) is undefined for the type AdminHomePage
The method login(String, String) is undefined for the type AdminHomePage
The method gotouserLogin() is undefined for the type AdminHomePage

at com.obs.tests.VerifyUserLogin.verifyLogin(VerifyUserLogin.java:39)
at java.base/jdk.internal.reflect.DirectMethodHandleAccessor.invoke(DirectMethodHandleAccessor.java:103)
at java.base/java.lang.reflect.Method.invoke(Method.java:580)
at org.testng.internal.invokers.MethodInvocationHelper.invokeMethod(MethodInvocationHelper.java:141)
at org.testng.internal.invokers.TestInvoker.invokeMethod(TestInvoker.java:686)
at org.testng.internal.invokers.TestInvoker.invokeTestMethod(TestInvoker.java:230)
at org.testng.internal.invokers.MethodRunner.runInSequence(MethodRunner.java:63)
at org.testng.internal.invokers.TestInvoker$MethodInvocationAgent.invoke(TestInvoker.java:992)
at org.testng.internal.invokers.TestInvoker.invokeTestMethods(TestInvoker.java:203)
at org.testng.internal.invokers.TestMethodWorker.invokeTestMethods(TestMethodWorker.java:154)
at org.testng.internal.invokers.TestMethodWorker.run(TestMethodWorker.java:134)
at java.base/java.util.ArrayList.forEach(ArrayList.java:1597)
at org.testng.TestRunner.privateRun(TestRunner.java:739)
at org.testng.TestRunner.run(TestRunner.java:614)
at org.testng.SuiteRunner.runTest(SuiteRunner.java:421)
at org.testng.SuiteRunner$SuiteWorker.run(SuiteRunner.java:463)
at org.testng.internal.thread.ThreadUtil.lambda$execute$0(ThreadUtil.java:64)
at java.base/java.util.concurrent.FutureTask.run(FutureTask.java:317)
at java.base/java.util.concurrent.ThreadPoolExecutor.runWorker(ThreadPoolExecutor.java:1144)
at java.base/java.util.concurrent.ThreadPoolExecutor$Worker.run(ThreadPoolExecutor.java:642)
at java.base/java.lang.Thread.run(Thread.java:1570)
]]>
            </full-stacktrace>
          </exception> <!-- java.lang.Error -->
          <reporter-output>
          </reporter-output>
        </test-method> <!-- verifyLogin -->
        <test-method is-config="true" signature="afterTest(org.testng.ITestResult)[pri:0, instance:com.obs.tests.VerifyUserLogin@3d08f3f5]" started-at="2024-12-24T12:14:20 IST" name="afterTest" finished-at="2024-12-24T12:14:21 IST" duration-ms="1016" status="PASS">
          <params>
            <param index="0">
              <value>
                <![CDATA[[TestResult name=verifyLogin status=FAILURE method=VerifyUserLogin.verifyLogin()[pri:0, instance:com.obs.tests.VerifyUserLogin@3d08f3f5] output={null}]]]>
              </value>
            </param>
          </params>
          <reporter-output>
          </reporter-output>
        </test-method> <!-- afterTest -->
      </class> <!-- com.obs.tests.VerifyUserLogin -->
    </test> <!-- Test -->
  </suite> <!-- Suite -->
</testng-results>
